<?xml version="1.0" encoding="UTF-8"?>
<!-- Generated by org.testng.reporters.JUnitReportReporter -->
<testsuite hostname="LAPTOP-1CMBE5F1" failures="0" tests="1" name="testNG_Programs.HandlingFrames" time="2.169" errors="0" timestamp="2024-04-10T14:26:56 IST" skipped="0">
  <testcase classname="testNG_Programs.HandlingFrames" name="verifyFrames" time="2.169"/>
  <system-out/>
</testsuite> <!-- testNG_Programs.HandlingFrames -->
